Memory before build: 4706672
Initializing Workspace
Creating Help Project Resources
Analyzing Assemblies & Merging XML Documentation
Memory making xml: 5443108
AssemblyLoader: Loading "C:\SyncRoot\Develop\Projects\Neuro.NET\NET\xpidea.neuro.net\bin\Release\xpidea.neuro.net.dll".
XmlDocCommentLoader: Loaded 'C:\SyncRoot\Develop\Projects\Neuro.NET\NET\xpidea.neuro.net\bin\Release\xpidea.neuro.net.xml' (0.204 sec.)
XmlDocCommentLoader: Cache 345
Docs found : C:\WINDOWS\Microsoft.NET\Framework\v2.0.50727\mscorlib.xml
XmlDocCommentLoader: Loaded 'C:\WINDOWS\Microsoft.NET\Framework\v2.0.50727\mscorlib.xml' (1.413 sec.)
XmlDocCommentLoader: Cache 14359
XmlDocCommentLoader: Loaded 'C:\SyncRoot\Develop\Tools\NDOC\Ndoc2Alpha3\Configuration\Supplemental Docs\en\mscorlib.xml' (0.052 sec.)
XmlDocCommentLoader: Cache 15381
Writing namespace xpidea.neuro.net...
    Wrote 10 classes.
    Wrote 1 enumerations.
Writing namespace xpidea.neuro.net.adaline...
    Wrote 3 classes.
Writing namespace xpidea.neuro.net.backprop...
    Wrote 9 classes.
Writing namespace xpidea.neuro.net.bam...
    Wrote 5 classes.
Writing namespace xpidea.neuro.net.patterns...
    Wrote 4 classes.
Writing namespace xpidea.neuro.net.son...
    Wrote 3 classes.
Completed xpidea.neuro.net, Version=1.0.2366.16863, Culture=neutral, PublicKeyToken=null
0.422 sec.
MakeXML : 2.359 sec.
Determining Document Structure
Load Docs for Structure Production: 60.337 msec.
Building File Map: 3.780 msec.
Structure Production: 14.479 msec.
Initializing Documenter
xslt-preprocess.xslt
retrieved xslt-preprocess.xslt from Style2005
    topics_main.xslt
    retrieved topics_main.xslt from common
    retrieved common.xslt from common
    retrieved tags.xslt from Style2005
    retrieved blank.xslt from common
    retrieved indices.xslt from common
    retrieved XLinks.xslt from common
    retrieved style-common.xslt from Style2005
    retrieved see-also.xslt from common
    retrieved syntax.xslt from Style2005
    retrieved syntax-common.xslt from common
    retrieved syntax-map.xslt from common
    retrieved memberscommon.xslt from Style2005
    retrieved allmembers.xslt from Style2005
    retrieved event.xslt from common
    retrieved field.xslt from common
    retrieved individualmembers.xslt from Style2005
    retrieved member.xslt from common
    retrieved memberoverload.xslt from Style2005
    retrieved namespace.xslt from Style2005
    retrieved namespacehierarchy.xslt from common
    retrieved property.xslt from common
    retrieved type.xslt from Style2005
    retrieved typehierarchy.xslt from Style2005
    0.516
    toc_htmlhelp1.xslt
    retrieved toc_htmlhelp1.xslt from common
    0.002
    toc_htmlhelp2.xslt
    retrieved toc_htmlhelp2.xslt from common
    0.002
    toc_web.xslt
    retrieved toc_web.xslt from common
    0.003
Building stylesheets 0.530
Building Table-of-Contents
Building Topic Pages
397.753   namespace   N_xpidea_neuro_net.html
311.381   namespacehierarchy   Hier_N_xpidea_neuro_net.html
465.021   type   T_xpidea_neuro_net_BiasNode.html
248.395   allmembers   T_xpidea_neuro_net_BiasNode_Members.html
36.641   individualmembers   T_xpidea_neuro_net_BiasNode_Methods.html
177.265   member   C_xpidea_neuro_net_BiasNode_ctor.html
73.048   member   M_xpidea_neuro_net_BiasNode_SetNodeValue.html
10.389   type   T_xpidea_neuro_net_ENeuroException.html
177.626   allmembers   T_xpidea_neuro_net_ENeuroException_Members.html
9.374   member   C_xpidea_neuro_net_ENeuroException_ctor.html
10.921   type   T_xpidea_neuro_net_FeedForwardNode.html
19.031   allmembers   T_xpidea_neuro_net_FeedForwardNode_Members.html
14.405   individualmembers   T_xpidea_neuro_net_FeedForwardNode_Methods.html
10.189   member   C_xpidea_neuro_net_FeedForwardNode_ctor.html
8.345   member   M_xpidea_neuro_net_FeedForwardNode_Run.html
11.105   member   M_xpidea_neuro_net_FeedForwardNode_Transfer.html
10.573   type   T_xpidea_neuro_net_InputNode.html
17.982   allmembers   T_xpidea_neuro_net_InputNode_Members.html
9.716   member   C_xpidea_neuro_net_InputNode_ctor.html
10.474   type   T_xpidea_neuro_net_NeuralNetwork.html
34.397   allmembers   T_xpidea_neuro_net_NeuralNetwork_Members.html
9.077   individualmembers   T_xpidea_neuro_net_NeuralNetwork_Fields.html
8.938   individualmembers   T_xpidea_neuro_net_NeuralNetwork_Properties.html
14.067   individualmembers   T_xpidea_neuro_net_NeuralNetwork_Methods.html
94.264   memberoverload   T_xpidea_neuro_net_NeuralNetwork_Constructor.html
8.009   member   C_xpidea_neuro_net_NeuralNetwork_ctor_.html
8.160   member   C_xpidea_neuro_net_NeuralNetwork_ctor_16219e3a.html
40.910   field   F_xpidea_neuro_net_NeuralNetwork_links.html
23.651   field   F_xpidea_neuro_net_NeuralNetwork_linksCount.html
8.172   field   F_xpidea_neuro_net_NeuralNetwork_nodes.html
8.256   field   F_xpidea_neuro_net_NeuralNetwork_nodesCount.html
140.695   property   P_xpidea_neuro_net_NeuralNetwork_InputNodesCount.html
8.802   property   P_xpidea_neuro_net_NeuralNetwork_LinksCount.html
9.693   property   P_xpidea_neuro_net_NeuralNetwork_NetworkType.html
8.807   property   P_xpidea_neuro_net_NeuralNetwork_NodesCount.html
9.224   property   P_xpidea_neuro_net_NeuralNetwork_OutputNodesCount.html
9.786   member   M_xpidea_neuro_net_NeuralNetwork_CreateNetwork.html
10.248   member   M_xpidea_neuro_net_NeuralNetwork_Epoch.html
24.204   member   M_xpidea_neuro_net_NeuralNetwork_GetInputNode.html
10.893   member   M_xpidea_neuro_net_NeuralNetwork_GetInputNodesCount.html
8.870   member   M_xpidea_neuro_net_NeuralNetwork_GetNetworkType.html
8.170   member   M_xpidea_neuro_net_NeuralNetwork_GetOutPutNodesCount.html
9.892   member   M_xpidea_neuro_net_NeuralNetwork_GetOutputNode.html
8.539   member   M_xpidea_neuro_net_NeuralNetwork_InputNode.html
39.207   member   M_xpidea_neuro_net_NeuralNetwork_Load.html
9.312   member   M_xpidea_neuro_net_NeuralNetwork_LoadInputs.html
9.653   member   M_xpidea_neuro_net_NeuralNetwork_OutputNode.html
21.593   member   M_xpidea_neuro_net_NeuralNetwork_Save.html
8.800   member   M_xpidea_neuro_net_NeuralNetwork_Train.html
8.995   type   T_xpidea_neuro_net_NeuroLink.html
15.710   allmembers   T_xpidea_neuro_net_NeuroLink_Members.html
9.118   individualmembers   T_xpidea_neuro_net_NeuroLink_Fields.html
7.867   individualmembers   T_xpidea_neuro_net_NeuroLink_Properties.html
13.580   individualmembers   T_xpidea_neuro_net_NeuroLink_Methods.html
8.028   member   C_xpidea_neuro_net_NeuroLink_ctor.html
8.354   field   F_xpidea_neuro_net_NeuroLink_inNode.html
8.450   field   F_xpidea_neuro_net_NeuroLink_linkWeight.html
8.185   field   F_xpidea_neuro_net_NeuroLink_outNode.html
9.580   property   P_xpidea_neuro_net_NeuroLink_InNode.html
8.381   property   P_xpidea_neuro_net_NeuroLink_OutNode.html
37.952   property   P_xpidea_neuro_net_NeuroLink_Weight.html
9.764   member   M_xpidea_neuro_net_NeuroLink_GetLinkWeight.html
9.633   member   M_xpidea_neuro_net_NeuroLink_Load.html
10.233   member   M_xpidea_neuro_net_NeuroLink_Save.html
9.722   member   M_xpidea_neuro_net_NeuroLink_SetInNode.html
8.631   member   M_xpidea_neuro_net_NeuroLink_SetLinkWeight.html
10.115   member   M_xpidea_neuro_net_NeuroLink_SetOutNode.html
9.036   member   M_xpidea_neuro_net_NeuroLink_UpdateWeight.html
8.597   member   M_xpidea_neuro_net_NeuroLink_WeightedInError.html
8.862   member   M_xpidea_neuro_net_NeuroLink_WeightedInValue.html
8.488   member   M_xpidea_neuro_net_NeuroLink_WeightedOutError.html
9.671   member   M_xpidea_neuro_net_NeuroLink_WeightedOutValue.html
95.925   type   T_xpidea_neuro_net_NeuroLinkCollection.html
249.893   allmembers   T_xpidea_neuro_net_NeuroLinkCollection_Members.html
10.912   individualmembers   T_xpidea_neuro_net_NeuroLinkCollection_Properties.html
15.969   individualmembers   T_xpidea_neuro_net_NeuroLinkCollection_Methods.html
7.912   memberoverload   T_xpidea_neuro_net_NeuroLinkCollection_Constructor.html
7.707   member   C_xpidea_neuro_net_NeuroLinkCollection_ctor_.html
10.492   member   C_xpidea_neuro_net_NeuroLinkCollection_ctor_0b20f2e2.html
8.170   member   C_xpidea_neuro_net_NeuroLinkCollection_ctor_10a77152.html
27.892   property   P_xpidea_neuro_net_NeuroLinkCollection_Item.html
9.251   member   M_xpidea_neuro_net_NeuroLinkCollection_Add.html
7.273   memberoverload   O_T_xpidea_neuro_net_NeuroLinkCollection_AddRange.html
9.988   member   M_xpidea_neuro_net_NeuroLinkCollection_AddRange_10a77152.html
8.759   member   M_xpidea_neuro_net_NeuroLinkCollection_AddRange_0b20f2e2.html
31.519   member   M_xpidea_neuro_net_NeuroLinkCollection_Contains.html
36.494   member   M_xpidea_neuro_net_NeuroLinkCollection_CopyTo.html
10.063   member   M_xpidea_neuro_net_NeuroLinkCollection_CreateContainigObject.html
9.344   member   M_xpidea_neuro_net_NeuroLinkCollection_GetEnumerator.html
9.743   member   M_xpidea_neuro_net_NeuroLinkCollection_IndexOf.html
12.172   member   M_xpidea_neuro_net_NeuroLinkCollection_Insert.html
11.725   member   M_xpidea_neuro_net_NeuroLinkCollection_Remove.html
10.132   type   T_xpidea_neuro_net_NeuroLinkCollection_CustomNeuroLinkEnumerator.html
13.063   allmembers   T_xpidea_neuro_net_NeuroLinkCollection_CustomNeuroLinkEnumerator_Members.html
9.099   individualmembers   T_xpidea_neuro_net_NeuroLinkCollection_CustomNeuroLinkEnumerator_Properties.html
11.077   individualmembers   T_xpidea_neuro_net_NeuroLinkCollection_CustomNeuroLinkEnumerator_Methods.html
9.269   member   C_xpidea_neuro_net_NeuroLinkCollection_CustomNeuroLinkEnumerator_ctor.html
9.851   property   P_xpidea_neuro_net_NeuroLinkCollection_CustomNeuroLinkEnumerator_Current.html
8.869   member   M_xpidea_neuro_net_NeuroLinkCollection_CustomNeuroLinkEnumerator_MoveNext.html
9.123   member   M_xpidea_neuro_net_NeuroLinkCollection_CustomNeuroLinkEnumerator_Reset.html
10.918   type   T_xpidea_neuro_net_NeuroNode.html
15.244   allmembers   T_xpidea_neuro_net_NeuroNode_Members.html
8.258   individualmembers   T_xpidea_neuro_net_NeuroNode_Fields.html
7.895   individualmembers   T_xpidea_neuro_net_NeuroNode_Properties.html
12.743   individualmembers   T_xpidea_neuro_net_NeuroNode_Methods.html
9.334   member   C_xpidea_neuro_net_NeuroNode_ctor.html
32.077   field   F_xpidea_neuro_net_NeuroNode_nodeError.html
9.163   field   F_xpidea_neuro_net_NeuroNode_nodeValue.html
9.955   property   P_xpidea_neuro_net_NeuroNode_Error.html
9.982   property   P_xpidea_neuro_net_NeuroNode_InLinks.html
8.456   property   P_xpidea_neuro_net_NeuroNode_OutLinks.html
9.905   property   P_xpidea_neuro_net_NeuroNode_Value.html
11.869   member   M_xpidea_neuro_net_NeuroNode_GetNodeError.html
8.480   member   M_xpidea_neuro_net_NeuroNode_GetNodeValue.html
10.211   member   M_xpidea_neuro_net_NeuroNode_Learn.html
11.709   member   M_xpidea_neuro_net_NeuroNode_LinkTo.html
9.648   member   M_xpidea_neuro_net_NeuroNode_Load.html
8.099   member   M_xpidea_neuro_net_NeuroNode_Run.html
9.191   member   M_xpidea_neuro_net_NeuroNode_Save.html
9.487   member   M_xpidea_neuro_net_NeuroNode_SetNodeError.html
8.883   member   M_xpidea_neuro_net_NeuroNode_SetNodeValue.html
9.726   type   T_xpidea_neuro_net_NeuroObject.html
11.355   allmembers   T_xpidea_neuro_net_NeuroObject_Members.html
11.540   individualmembers   T_xpidea_neuro_net_NeuroObject_Methods.html
8.073   member   C_xpidea_neuro_net_NeuroObject_ctor.html
8.251   member   M_xpidea_neuro_net_NeuroObject_Epoch.html
10.269   member   M_xpidea_neuro_net_NeuroObject_Load.html
9.618   member   M_xpidea_neuro_net_NeuroObject_LoadFromFile.html
10.377   member   M_xpidea_neuro_net_NeuroObject_Random.html
14.921   member   M_xpidea_neuro_net_NeuroObject_RoundToNextInt.html
8.855   member   M_xpidea_neuro_net_NeuroObject_Save.html
8.773   member   M_xpidea_neuro_net_NeuroObject_SaveToFile.html
54.477   type   T_xpidea_neuro_net_NeuralNetworkType.html
7.600   namespace   N_xpidea_neuro_net_adaline.html
6.541   namespacehierarchy   Hier_N_xpidea_neuro_net_adaline.html
10.835   type   T_xpidea_neuro_net_adaline_AdalineLink.html
15.883   allmembers   T_xpidea_neuro_net_adaline_AdalineLink_Members.html
8.268   member   C_xpidea_neuro_net_adaline_AdalineLink_ctor.html
10.384   type   T_xpidea_neuro_net_adaline_AdalineNetwork.html
20.684   allmembers   T_xpidea_neuro_net_adaline_AdalineNetwork_Members.html
8.829   individualmembers   T_xpidea_neuro_net_adaline_AdalineNetwork_Fields.html
11.265   individualmembers   T_xpidea_neuro_net_adaline_AdalineNetwork_Properties.html
14.686   individualmembers   T_xpidea_neuro_net_adaline_AdalineNetwork_Methods.html
7.904   memberoverload   T_xpidea_neuro_net_adaline_AdalineNetwork_Constructor.html
9.236   member   C_xpidea_neuro_net_adaline_AdalineNetwork_ctor_28cecd8f.html
8.235   member   C_xpidea_neuro_net_adaline_AdalineNetwork_ctor_.html
8.183   member   C_xpidea_neuro_net_adaline_AdalineNetwork_ctor_16219e3a.html
8.690   field   F_xpidea_neuro_net_adaline_AdalineNetwork_learningRate.html
8.570   property   P_xpidea_neuro_net_adaline_AdalineNetwork_AdalineNode.html
9.455   property   P_xpidea_neuro_net_adaline_AdalineNetwork_LearningRate.html
9.797   member   M_xpidea_neuro_net_adaline_AdalineNetwork_CreateNetwork.html
9.525   member   M_xpidea_neuro_net_adaline_AdalineNetwork_GetInputNode.html
9.427   member   M_xpidea_neuro_net_adaline_AdalineNetwork_GetInputNodesCount.html
9.907   member   M_xpidea_neuro_net_adaline_AdalineNetwork_GetNetworkType.html
9.308   member   M_xpidea_neuro_net_adaline_AdalineNetwork_GetOutPutNodesCount.html
8.773   member   M_xpidea_neuro_net_adaline_AdalineNetwork_GetOutputNode.html
10.851   member   M_xpidea_neuro_net_adaline_AdalineNetwork_Load.html
10.140   member   M_xpidea_neuro_net_adaline_AdalineNetwork_Save.html
8.682   member   M_xpidea_neuro_net_adaline_AdalineNetwork_SetValuesFromPattern.html
10.152   member   M_xpidea_neuro_net_adaline_AdalineNetwork_Train.html
10.457   type   T_xpidea_neuro_net_adaline_AdalineNode.html
16.581   allmembers   T_xpidea_neuro_net_adaline_AdalineNode_Members.html
8.735   individualmembers   T_xpidea_neuro_net_adaline_AdalineNode_Properties.html
13.687   individualmembers   T_xpidea_neuro_net_adaline_AdalineNode_Methods.html
8.502   memberoverload   T_xpidea_neuro_net_adaline_AdalineNode_Constructor.html
8.188   member   C_xpidea_neuro_net_adaline_AdalineNode_ctor_.html
10.138   member   C_xpidea_neuro_net_adaline_AdalineNode_ctor_16514d3a.html
12.382   property   P_xpidea_neuro_net_adaline_AdalineNode_LearningRate.html
14.445   member   M_xpidea_neuro_net_adaline_AdalineNode_GetNodeLearningRate.html
8.531   member   M_xpidea_neuro_net_adaline_AdalineNode_Learn.html
8.978   member   M_xpidea_neuro_net_adaline_AdalineNode_SetNodeLearningRate.html
9.704   member   M_xpidea_neuro_net_adaline_AdalineNode_Transfer.html
8.359   namespace   N_xpidea_neuro_net_backprop.html
7.639   namespacehierarchy   Hier_N_xpidea_neuro_net_backprop.html
10.277   type   T_xpidea_neuro_net_backprop_BackPropagationLink.html
18.121   allmembers   T_xpidea_neuro_net_backprop_BackPropagationLink_Members.html
11.035   individualmembers   T_xpidea_neuro_net_backprop_BackPropagationLink_Properties.html
13.041   individualmembers   T_xpidea_neuro_net_backprop_BackPropagationLink_Methods.html
9.525   member   C_xpidea_neuro_net_backprop_BackPropagationLink_ctor.html
9.478   property   P_xpidea_neuro_net_backprop_BackPropagationLink_LinkDelta.html
8.725   member   M_xpidea_neuro_net_backprop_BackPropagationLink_DoAfterCreate.html
8.834   member   M_xpidea_neuro_net_backprop_BackPropagationLink_GetLinkDelta.html
9.334   member   M_xpidea_neuro_net_backprop_BackPropagationLink_Load.html
9.176   member   M_xpidea_neuro_net_backprop_BackPropagationLink_Save.html
9.211   member   M_xpidea_neuro_net_backprop_BackPropagationLink_SetLinkDelta.html
8.726   member   M_xpidea_neuro_net_backprop_BackPropagationLink_UpdateWeight.html
9.360   type   T_xpidea_neuro_net_backprop_BackPropagationMiddleNode.html
19.028   allmembers   T_xpidea_neuro_net_backprop_BackPropagationMiddleNode_Members.html
13.270   individualmembers   T_xpidea_neuro_net_backprop_BackPropagationMiddleNode_Methods.html
9.899   member   C_xpidea_neuro_net_backprop_BackPropagationMiddleNode_ctor.html
10.192   member   M_xpidea_neuro_net_backprop_BackPropagationMiddleNode_ComputeError.html
13.229   type   T_xpidea_neuro_net_backprop_BackPropagationNetwork.html
20.953   allmembers   T_xpidea_neuro_net_backprop_BackPropagationNetwork_Members.html
9.595   individualmembers   T_xpidea_neuro_net_backprop_BackPropagationNetwork_Fields.html
14.191   individualmembers   T_xpidea_neuro_net_backprop_BackPropagationNetwork_Methods.html
8.045   memberoverload   T_xpidea_neuro_net_backprop_BackPropagationNetwork_Constructor.html
10.234   member   C_xpidea_neuro_net_backprop_BackPropagationNetwork_ctor_80cf509b.html
8.394   member   C_xpidea_neuro_net_backprop_BackPropagationNetwork_ctor_.html
9.390   member   C_xpidea_neuro_net_backprop_BackPropagationNetwork_ctor_16219e3a.html
10.220   field   F_xpidea_neuro_net_backprop_BackPropagationNetwork_firstMiddleNode.html
9.084   field   F_xpidea_neuro_net_backprop_BackPropagationNetwork_firstOutputNode.html
9.438   member   M_xpidea_neuro_net_backprop_BackPropagationNetwork_CreateLink.html
8.518   member   M_xpidea_neuro_net_backprop_BackPropagationNetwork_CreateNetwork.html
8.470   member   M_xpidea_neuro_net_backprop_BackPropagationNetwork_GetInputNodesCount.html
10.085   member   M_xpidea_neuro_net_backprop_BackPropagationNetwork_GetNetworkType.html
9.667   member   M_xpidea_neuro_net_backprop_BackPropagationNetwork_GetOutPutNodesCount.html
9.668   member   M_xpidea_neuro_net_backprop_BackPropagationNetwork_GetOutputNode.html
10.213   member   M_xpidea_neuro_net_backprop_BackPropagationNetwork_Learn.html
9.106   member   M_xpidea_neuro_net_backprop_BackPropagationNetwork_Load.html
8.716   member   M_xpidea_neuro_net_backprop_BackPropagationNetwork_NodesInLayer.html
9.721   member   M_xpidea_neuro_net_backprop_BackPropagationNetwork_Run.html
9.152   member   M_xpidea_neuro_net_backprop_BackPropagationNetwork_Save.html
9.453   member   M_xpidea_neuro_net_backprop_BackPropagationNetwork_Train.html
9.217   type   T_xpidea_neuro_net_backprop_BackPropagationNode.html
20.938   allmembers   T_xpidea_neuro_net_backprop_BackPropagationNode_Members.html
13.199   individualmembers   T_xpidea_neuro_net_backprop_BackPropagationNode_Methods.html
9.786   member   C_xpidea_neuro_net_backprop_BackPropagationNode_ctor.html
8.666   member   M_xpidea_neuro_net_backprop_BackPropagationNode_Transfer.html
9.260   type   T_xpidea_neuro_net_backprop_BackPropagationOutputNode.html
17.580   allmembers   T_xpidea_neuro_net_backprop_BackPropagationOutputNode_Members.html
9.639   individualmembers   T_xpidea_neuro_net_backprop_BackPropagationOutputNode_Properties.html
12.883   individualmembers   T_xpidea_neuro_net_backprop_BackPropagationOutputNode_Methods.html
9.159   member   C_xpidea_neuro_net_backprop_BackPropagationOutputNode_ctor.html
9.448   property   P_xpidea_neuro_net_backprop_BackPropagationOutputNode_LearningRate.html
9.313   property   P_xpidea_neuro_net_backprop_BackPropagationOutputNode_Momentum.html
8.058   member   M_xpidea_neuro_net_backprop_BackPropagationOutputNode_ComputeError.html
9.677   member   M_xpidea_neuro_net_backprop_BackPropagationOutputNode_GetNodeLearningRate.html
9.392   member   M_xpidea_neuro_net_backprop_BackPropagationOutputNode_GetNodeMomentum.html
9.010   member   M_xpidea_neuro_net_backprop_BackPropagationOutputNode_Learn.html
10.242   member   M_xpidea_neuro_net_backprop_BackPropagationOutputNode_Load.html
9.811   member   M_xpidea_neuro_net_backprop_BackPropagationOutputNode_Save.html
8.928   member   M_xpidea_neuro_net_backprop_BackPropagationOutputNode_SetNodeLearningRate.html
10.077   member   M_xpidea_neuro_net_backprop_BackPropagationOutputNode_SetNodeMomentum.html
10.170   type   T_xpidea_neuro_net_backprop_BackPropagationRPROPLink.html
16.656   allmembers   T_xpidea_neuro_net_backprop_BackPropagationRPROPLink_Members.html
14.733   individualmembers   T_xpidea_neuro_net_backprop_BackPropagationRPROPLink_Methods.html
8.815   member   C_xpidea_neuro_net_backprop_BackPropagationRPROPLink_ctor.html
9.333   member   M_xpidea_neuro_net_backprop_BackPropagationRPROPLink_DoAfterCreate.html
9.976   member   M_xpidea_neuro_net_backprop_BackPropagationRPROPLink_Epoch.html
9.894   type   T_xpidea_neuro_net_backprop_BackPropagationRPROPNetwork.html
21.788   allmembers   T_xpidea_neuro_net_backprop_BackPropagationRPROPNetwork_Members.html
15.617   individualmembers   T_xpidea_neuro_net_backprop_BackPropagationRPROPNetwork_Methods.html
7.561   memberoverload   T_xpidea_neuro_net_backprop_BackPropagationRPROPNetwork_Constructor.html
8.493   member   C_xpidea_neuro_net_backprop_BackPropagationRPROPNetwork_ctor_16219e3a.html
8.962   member   C_xpidea_neuro_net_backprop_BackPropagationRPROPNetwork_ctor_c4d7d4db.html
9.386   member   M_xpidea_neuro_net_backprop_BackPropagationRPROPNetwork_CreateLink.html
10.612   type   T_xpidea_neuro_net_backprop_EpochBackPropagationLink.html
18.315   allmembers   T_xpidea_neuro_net_backprop_EpochBackPropagationLink_Members.html
9.671   individualmembers   T_xpidea_neuro_net_backprop_EpochBackPropagationLink_Fields.html
10.034   individualmembers   T_xpidea_neuro_net_backprop_EpochBackPropagationLink_Properties.html
13.812   individualmembers   T_xpidea_neuro_net_backprop_EpochBackPropagationLink_Methods.html
8.920   member   C_xpidea_neuro_net_backprop_EpochBackPropagationLink_ctor.html
16.120   field   F_xpidea_neuro_net_backprop_EpochBackPropagationLink_linkEpoch.html
13.195   property   P_xpidea_neuro_net_backprop_EpochBackPropagationLink_LinkEpoch.html
12.801   member   M_xpidea_neuro_net_backprop_EpochBackPropagationLink_Epoch.html
8.855   member   M_xpidea_neuro_net_backprop_EpochBackPropagationLink_GetLinkEpoch.html
8.707   member   M_xpidea_neuro_net_backprop_EpochBackPropagationLink_Load.html
9.727   member   M_xpidea_neuro_net_backprop_EpochBackPropagationLink_Save.html
9.082   member   M_xpidea_neuro_net_backprop_EpochBackPropagationLink_SetLinkEpoch.html
9.092   member   M_xpidea_neuro_net_backprop_EpochBackPropagationLink_UpdateWeight.html
10.278   type   T_xpidea_neuro_net_backprop_EpochBackPropagationNetwork.html
24.324   allmembers   T_xpidea_neuro_net_backprop_EpochBackPropagationNetwork_Members.html
15.771   individualmembers   T_xpidea_neuro_net_backprop_EpochBackPropagationNetwork_Methods.html
7.627   memberoverload   T_xpidea_neuro_net_backprop_EpochBackPropagationNetwork_Constructor.html
8.997   member   C_xpidea_neuro_net_backprop_EpochBackPropagationNetwork_ctor_80cf509b.html
8.254   member   C_xpidea_neuro_net_backprop_EpochBackPropagationNetwork_ctor_16219e3a.html
8.795   member   M_xpidea_neuro_net_backprop_EpochBackPropagationNetwork_CreateLink.html
8.617   member   M_xpidea_neuro_net_backprop_EpochBackPropagationNetwork_Epoch.html
9.422   member   M_xpidea_neuro_net_backprop_EpochBackPropagationNetwork_GetNetworkType.html
11.205   member   M_xpidea_neuro_net_backprop_EpochBackPropagationNetwork_Train.html
7.615   namespace   N_xpidea_neuro_net_bam.html
6.956   namespacehierarchy   Hier_N_xpidea_neuro_net_bam.html
9.681   type   T_xpidea_neuro_net_bam_BidirectionalAssociativeMemoryInputNode.html
16.939   allmembers   T_xpidea_neuro_net_bam_BidirectionalAssociativeMemoryInputNode_Members.html
12.923   individualmembers   T_xpidea_neuro_net_bam_BidirectionalAssociativeMemoryInputNode_Methods.html
8.188   member   C_xpidea_neuro_net_bam_BidirectionalAssociativeMemoryInputNode_ctor.html
9.447   member   M_xpidea_neuro_net_bam_BidirectionalAssociativeMemoryInputNode_Learn.html
9.984   member   M_xpidea_neuro_net_bam_BidirectionalAssociativeMemoryInputNode_Run.html
10.164   type   T_xpidea_neuro_net_bam_BidirectionalAssociativeMemoryLink.html
17.125   allmembers   T_xpidea_neuro_net_bam_BidirectionalAssociativeMemoryLink_Members.html
9.172   member   C_xpidea_neuro_net_bam_BidirectionalAssociativeMemoryLink_ctor.html
11.367   type   T_xpidea_neuro_net_bam_BidirectionalAssociativeMemoryNetwork.html
20.385   allmembers   T_xpidea_neuro_net_bam_BidirectionalAssociativeMemoryNetwork_Members.html
9.692   individualmembers   T_xpidea_neuro_net_bam_BidirectionalAssociativeMemoryNetwork_Fields.html
14.200   individualmembers   T_xpidea_neuro_net_bam_BidirectionalAssociativeMemoryNetwork_Methods.html
7.465   memberoverload   T_xpidea_neuro_net_bam_BidirectionalAssociativeMemoryNetwork_Constructor.html
9.779   member   C_xpidea_neuro_net_bam_BidirectionalAssociativeMemoryNetwork_ctor_fc96d728.html
9.496   member   C_xpidea_neuro_net_bam_BidirectionalAssociativeMemoryNetwork_ctor_16219e3a.html
8.474   field   F_xpidea_neuro_net_bam_BidirectionalAssociativeMemoryNetwork_inputLayerNodesCount.html
9.396   field   F_xpidea_neuro_net_bam_BidirectionalAssociativeMemoryNetwork_outputLayerNodesCount.html
8.558   member   M_xpidea_neuro_net_bam_BidirectionalAssociativeMemoryNetwork_CreateNetwork.html
8.777   member   M_xpidea_neuro_net_bam_BidirectionalAssociativeMemoryNetwork_GetInputNodesCount.html
9.301   member   M_xpidea_neuro_net_bam_BidirectionalAssociativeMemoryNetwork_GetNetworkType.html
9.325   member   M_xpidea_neuro_net_bam_BidirectionalAssociativeMemoryNetwork_GetNodeError.html
9.683   member   M_xpidea_neuro_net_bam_BidirectionalAssociativeMemoryNetwork_GetOutPutNodesCount.html
9.107   member   M_xpidea_neuro_net_bam_BidirectionalAssociativeMemoryNetwork_GetOutputNode.html
8.718   member   M_xpidea_neuro_net_bam_BidirectionalAssociativeMemoryNetwork_Learn.html
10.731   member   M_xpidea_neuro_net_bam_BidirectionalAssociativeMemoryNetwork_Load.html
9.447   member   M_xpidea_neuro_net_bam_BidirectionalAssociativeMemoryNetwork_LoadInputs.html
8.399   member   M_xpidea_neuro_net_bam_BidirectionalAssociativeMemoryNetwork_Run.html
14.929   member   M_xpidea_neuro_net_bam_BidirectionalAssociativeMemoryNetwork_Save.html
47.337   member   M_xpidea_neuro_net_bam_BidirectionalAssociativeMemoryNetwork_SetValues.html
12.191   member   M_xpidea_neuro_net_bam_BidirectionalAssociativeMemoryNetwork_SetValuesFromPattern.html
11.373   member   M_xpidea_neuro_net_bam_BidirectionalAssociativeMemoryNetwork_Train.html
9.229   member   M_xpidea_neuro_net_bam_BidirectionalAssociativeMemoryNetwork_UnLearn.html
8.718   member   M_xpidea_neuro_net_bam_BidirectionalAssociativeMemoryNetwork_value.html
10.576   type   T_xpidea_neuro_net_bam_BidirectionalAssociativeMemoryOutputNode.html
17.390   allmembers   T_xpidea_neuro_net_bam_BidirectionalAssociativeMemoryOutputNode_Members.html
8.990   individualmembers   T_xpidea_neuro_net_bam_BidirectionalAssociativeMemoryOutputNode_Fields.html
9.722   individualmembers   T_xpidea_neuro_net_bam_BidirectionalAssociativeMemoryOutputNode_Properties.html
13.690   individualmembers   T_xpidea_neuro_net_bam_BidirectionalAssociativeMemoryOutputNode_Methods.html
9.585   member   C_xpidea_neuro_net_bam_BidirectionalAssociativeMemoryOutputNode_ctor.html
9.715   field   F_xpidea_neuro_net_bam_BidirectionalAssociativeMemoryOutputNode_nodesLastValue.html
9.776   property   P_xpidea_neuro_net_bam_BidirectionalAssociativeMemoryOutputNode_NodeLastValue.html
8.907   member   M_xpidea_neuro_net_bam_BidirectionalAssociativeMemoryOutputNode_GetNodeLastValue.html
8.744   member   M_xpidea_neuro_net_bam_BidirectionalAssociativeMemoryOutputNode_Learn.html
9.927   member   M_xpidea_neuro_net_bam_BidirectionalAssociativeMemoryOutputNode_Load.html
10.129   member   M_xpidea_neuro_net_bam_BidirectionalAssociativeMemoryOutputNode_Run.html
8.949   member   M_xpidea_neuro_net_bam_BidirectionalAssociativeMemoryOutputNode_Save.html
9.959   member   M_xpidea_neuro_net_bam_BidirectionalAssociativeMemoryOutputNode_SetNodeLastValue.html
10.496   member   M_xpidea_neuro_net_bam_BidirectionalAssociativeMemoryOutputNode_SetNodeValue.html
10.312   type   T_xpidea_neuro_net_bam_BidirectionalAssociativeMemorySystem.html
22.407   allmembers   T_xpidea_neuro_net_bam_BidirectionalAssociativeMemorySystem_Members.html
11.002   individualmembers   T_xpidea_neuro_net_bam_BidirectionalAssociativeMemorySystem_Fields.html
15.919   individualmembers   T_xpidea_neuro_net_bam_BidirectionalAssociativeMemorySystem_Methods.html
9.856   member   C_xpidea_neuro_net_bam_BidirectionalAssociativeMemorySystem_ctor.html
9.373   field   F_xpidea_neuro_net_bam_BidirectionalAssociativeMemorySystem_best.html
9.849   field   F_xpidea_neuro_net_bam_BidirectionalAssociativeMemorySystem_bestError.html
8.448   field   F_xpidea_neuro_net_bam_BidirectionalAssociativeMemorySystem_data.html
10.009   field   F_xpidea_neuro_net_bam_BidirectionalAssociativeMemorySystem_networks.html
9.644   field   F_xpidea_neuro_net_bam_BidirectionalAssociativeMemorySystem_networksCount.html
9.326   field   F_xpidea_neuro_net_bam_BidirectionalAssociativeMemorySystem_orthogonalBAMEnergy.html
9.614   member   M_xpidea_neuro_net_bam_BidirectionalAssociativeMemorySystem_CreateNetwork.html
8.975   member   M_xpidea_neuro_net_bam_BidirectionalAssociativeMemorySystem_GetNetworkType.html
9.023   member   M_xpidea_neuro_net_bam_BidirectionalAssociativeMemorySystem_GetNodeError.html
9.841   member   M_xpidea_neuro_net_bam_BidirectionalAssociativeMemorySystem_GetOutputNode.html
8.830   member   M_xpidea_neuro_net_bam_BidirectionalAssociativeMemorySystem_Learn.html
8.953   member   M_xpidea_neuro_net_bam_BidirectionalAssociativeMemorySystem_Load.html
12.265   member   M_xpidea_neuro_net_bam_BidirectionalAssociativeMemorySystem_LoadInputs.html
14.343   member   M_xpidea_neuro_net_bam_BidirectionalAssociativeMemorySystem_Run.html
9.704   member   M_xpidea_neuro_net_bam_BidirectionalAssociativeMemorySystem_Save.html
10.038   member   M_xpidea_neuro_net_bam_BidirectionalAssociativeMemorySystem_SetValues.html
9.917   member   M_xpidea_neuro_net_bam_BidirectionalAssociativeMemorySystem_SetValuesFromPattern.html
9.903   member   M_xpidea_neuro_net_bam_BidirectionalAssociativeMemorySystem_value.html
7.305   namespace   N_xpidea_neuro_net_patterns.html
7.724   namespacehierarchy   Hier_N_xpidea_neuro_net_patterns.html
9.979   type   T_xpidea_neuro_net_patterns_NeuroObjectCollection.html
54.208   allmembers   T_xpidea_neuro_net_patterns_NeuroObjectCollection_Members.html
14.807   individualmembers   T_xpidea_neuro_net_patterns_NeuroObjectCollection_Methods.html
7.395   memberoverload   T_xpidea_neuro_net_patterns_NeuroObjectCollection_Constructor.html
9.283   member   C_xpidea_neuro_net_patterns_NeuroObjectCollection_ctor_.html
8.619   member   C_xpidea_neuro_net_patterns_NeuroObjectCollection_ctor_16219e3a.html
8.505   member   M_xpidea_neuro_net_patterns_NeuroObjectCollection_CreateContainigObject.html
9.977   member   M_xpidea_neuro_net_patterns_NeuroObjectCollection_Load.html
9.996   member   M_xpidea_neuro_net_patterns_NeuroObjectCollection_LoadFromFile.html
9.856   member   M_xpidea_neuro_net_patterns_NeuroObjectCollection_Save.html
9.852   member   M_xpidea_neuro_net_patterns_NeuroObjectCollection_SaveToFile.html
9.208   type   T_xpidea_neuro_net_patterns_Pattern.html
12.076   allmembers   T_xpidea_neuro_net_patterns_Pattern_Members.html
9.259   individualmembers   T_xpidea_neuro_net_patterns_Pattern_Properties.html
12.459   individualmembers   T_xpidea_neuro_net_patterns_Pattern_Methods.html
9.774   member   C_xpidea_neuro_net_patterns_Pattern_ctor.html
8.109   property   P_xpidea_neuro_net_patterns_Pattern_Input.html
8.659   property   P_xpidea_neuro_net_patterns_Pattern_InputsCount.html
8.315   property   P_xpidea_neuro_net_patterns_Pattern_Output.html
9.967   property   P_xpidea_neuro_net_patterns_Pattern_OutputsCount.html
9.900   member   M_xpidea_neuro_net_patterns_Pattern_Load.html
9.525   member   M_xpidea_neuro_net_patterns_Pattern_Save.html
10.261   type   T_xpidea_neuro_net_patterns_PatternsCollection.html
20.776   allmembers   T_xpidea_neuro_net_patterns_PatternsCollection_Members.html
10.630   individualmembers   T_xpidea_neuro_net_patterns_PatternsCollection_Properties.html
17.176   individualmembers   T_xpidea_neuro_net_patterns_PatternsCollection_Methods.html
8.448   memberoverload   T_xpidea_neuro_net_patterns_PatternsCollection_Constructor.html
7.902   member   C_xpidea_neuro_net_patterns_PatternsCollection_ctor_.html
10.423   member   C_xpidea_neuro_net_patterns_PatternsCollection_ctor_772fec2f.html
9.572   member   C_xpidea_neuro_net_patterns_PatternsCollection_ctor_4a3b6aec.html
8.840   member   C_xpidea_neuro_net_patterns_PatternsCollection_ctor_3cafaa5d.html
9.770   member   C_xpidea_neuro_net_patterns_PatternsCollection_ctor_16219e3a.html
9.898   property   P_xpidea_neuro_net_patterns_PatternsCollection_Item.html
9.780   member   M_xpidea_neuro_net_patterns_PatternsCollection_Add.html
8.316   memberoverload   O_T_xpidea_neuro_net_patterns_PatternsCollection_AddRange.html
9.801   member   M_xpidea_neuro_net_patterns_PatternsCollection_AddRange_4a3b6aec.html
9.710   member   M_xpidea_neuro_net_patterns_PatternsCollection_AddRange_772fec2f.html
15.858   member   M_xpidea_neuro_net_patterns_PatternsCollection_Contains.html
12.318   member   M_xpidea_neuro_net_patterns_PatternsCollection_CopyTo.html
9.208   member   M_xpidea_neuro_net_patterns_PatternsCollection_CreateContainigObject.html
19.246   member   M_xpidea_neuro_net_patterns_PatternsCollection_GetEnumerator.html
10.175   member   M_xpidea_neuro_net_patterns_PatternsCollection_IndexOf.html
10.081   member   M_xpidea_neuro_net_patterns_PatternsCollection_Insert.html
12.715   member   M_xpidea_neuro_net_patterns_PatternsCollection_Remove.html
9.834   type   T_xpidea_neuro_net_patterns_PatternsCollection_CustomPatternEnumerator.html
12.956   allmembers   T_xpidea_neuro_net_patterns_PatternsCollection_CustomPatternEnumerator_Members.html
9.592   individualmembers   T_xpidea_neuro_net_patterns_PatternsCollection_CustomPatternEnumerator_Properties.html
10.005   individualmembers   T_xpidea_neuro_net_patterns_PatternsCollection_CustomPatternEnumerator_Methods.html
8.378   member   C_xpidea_neuro_net_patterns_PatternsCollection_CustomPatternEnumerator_ctor.html
8.361   property   P_xpidea_neuro_net_patterns_PatternsCollection_CustomPatternEnumerator_Current.html
8.901   member   M_xpidea_neuro_net_patterns_PatternsCollection_CustomPatternEnumerator_MoveNext.html
8.580   member   M_xpidea_neuro_net_patterns_PatternsCollection_CustomPatternEnumerator_Reset.html
7.337   namespace   N_xpidea_neuro_net_son.html
7.029   namespacehierarchy   Hier_N_xpidea_neuro_net_son.html
9.024   type   T_xpidea_neuro_net_son_SelfOrganizingLink.html
17.115   allmembers   T_xpidea_neuro_net_son_SelfOrganizingLink_Members.html
9.840   member   C_xpidea_neuro_net_son_SelfOrganizingLink_ctor.html
11.216   type   T_xpidea_neuro_net_son_SelfOrganizingNetwork.html
22.069   allmembers   T_xpidea_neuro_net_son_SelfOrganizingNetwork_Members.html
11.311   individualmembers   T_xpidea_neuro_net_son_SelfOrganizingNetwork_Fields.html
12.226   individualmembers   T_xpidea_neuro_net_son_SelfOrganizingNetwork_Properties.html
14.468   individualmembers   T_xpidea_neuro_net_son_SelfOrganizingNetwork_Methods.html
7.583   memberoverload   T_xpidea_neuro_net_son_SelfOrganizingNetwork_Constructor.html
70.867   member   C_xpidea_neuro_net_son_SelfOrganizingNetwork_ctor_4b8d9f6b.html
8.295   member   C_xpidea_neuro_net_son_SelfOrganizingNetwork_ctor_.html
8.361   member   C_xpidea_neuro_net_son_SelfOrganizingNetwork_ctor_16219e3a.html
9.779   field   F_xpidea_neuro_net_son_SelfOrganizingNetwork_columsCount.html
16.838   field   F_xpidea_neuro_net_son_SelfOrganizingNetwork_currentIteration.html
9.409   field   F_xpidea_neuro_net_son_SelfOrganizingNetwork_currentNeighborhoodSize.html
13.856   field   F_xpidea_neuro_net_son_SelfOrganizingNetwork_finalLearningRate.html
9.260   field   F_xpidea_neuro_net_son_SelfOrganizingNetwork_initialLearningRate.html
12.691   field   F_xpidea_neuro_net_son_SelfOrganizingNetwork_initialNeighborhoodSize.html
13.276   field   F_xpidea_neuro_net_son_SelfOrganizingNetwork_kohonenLayer.html
9.986   field   F_xpidea_neuro_net_son_SelfOrganizingNetwork_neighborhoodReduceInterval.html
9.536   field   F_xpidea_neuro_net_son_SelfOrganizingNetwork_rowsCount.html
17.621   field   F_xpidea_neuro_net_son_SelfOrganizingNetwork_trainingIterations.html
9.696   field   F_xpidea_neuro_net_son_SelfOrganizingNetwork_winnigCol.html
22.233   field   F_xpidea_neuro_net_son_SelfOrganizingNetwork_winnigRow.html
11.665   property   P_xpidea_neuro_net_son_SelfOrganizingNetwork_CurrentNeighborhoodSize.html
16.206   property   P_xpidea_neuro_net_son_SelfOrganizingNetwork_KohonenColumsCount.html
9.376   property   P_xpidea_neuro_net_son_SelfOrganizingNetwork_KohonenNode.html
13.183   property   P_xpidea_neuro_net_son_SelfOrganizingNetwork_KohonenRowsCount.html
8.533   property   P_xpidea_neuro_net_son_SelfOrganizingNetwork_WinnigCol.html
8.861   property   P_xpidea_neuro_net_son_SelfOrganizingNetwork_WinnigRow.html
19.827   member   M_xpidea_neuro_net_son_SelfOrganizingNetwork_CreateNetwork.html
9.480   member   M_xpidea_neuro_net_son_SelfOrganizingNetwork_Epoch.html
9.800   member   M_xpidea_neuro_net_son_SelfOrganizingNetwork_GetInputNode.html
16.428   member   M_xpidea_neuro_net_son_SelfOrganizingNetwork_GetInputNodesCount.html
9.281   member   M_xpidea_neuro_net_son_SelfOrganizingNetwork_GetNetworkType.html
8.282   member   M_xpidea_neuro_net_son_SelfOrganizingNetwork_GetNodeError.html
10.813   member   M_xpidea_neuro_net_son_SelfOrganizingNetwork_GetOutPutNodesCount.html
12.034   member   M_xpidea_neuro_net_son_SelfOrganizingNetwork_GetOutputNode.html
13.703   member   M_xpidea_neuro_net_son_SelfOrganizingNetwork_Learn.html
9.736   member   M_xpidea_neuro_net_son_SelfOrganizingNetwork_Load.html
13.818   member   M_xpidea_neuro_net_son_SelfOrganizingNetwork_Run.html
17.687   member   M_xpidea_neuro_net_son_SelfOrganizingNetwork_Save.html
10.189   member   M_xpidea_neuro_net_son_SelfOrganizingNetwork_SetNodeError.html
9.646   member   M_xpidea_neuro_net_son_SelfOrganizingNetwork_Train.html
9.042   type   T_xpidea_neuro_net_son_SelfOrganizingNode.html
22.311   allmembers   T_xpidea_neuro_net_son_SelfOrganizingNode_Members.html
9.434   individualmembers   T_xpidea_neuro_net_son_SelfOrganizingNode_Fields.html
13.204   individualmembers   T_xpidea_neuro_net_son_SelfOrganizingNode_Methods.html
19.127   member   C_xpidea_neuro_net_son_SelfOrganizingNode_ctor.html
8.767   field   F_xpidea_neuro_net_son_SelfOrganizingNode_LearningRate.html
9.554   member   M_xpidea_neuro_net_son_SelfOrganizingNode_Learn.html
14.916   member   M_xpidea_neuro_net_son_SelfOrganizingNode_Run.html
It took 8 seconds to make the html
Completing Help Project Resources
Compiling HTML Help file...
Microsoft HTML Help Compiler 4.74.8702
Compiling c:\SyncRoot\Develop\Projects\Neuro.NET\NET\Help\CHM\ndoc_msdn_temp\xpidea.neuro.net.chm
Compile time: 0 minutes, 8 seconds
456	Topics
5,975	Local links
452	Internet links
20	Graphics
Created c:\SyncRoot\Develop\Projects\Neuro.NET\NET\Help\CHM\ndoc_msdn_temp\xpidea.neuro.net.chm, 568,857 bytes
Compression decreased file by 5,059,270 bytes.

Html Help compile complete
Writing documentation to output path
Build Completed.
The build took a total of 22 seconds
