information QA1004: blank or 'noise' <returns> tag ignored for member: "M:xpidea.neuro.net.NeuroObject.Random(System.Double,System.Double)"
information QA1004: blank or 'noise' <param> tag ignored for member: "M:xpidea.neuro.net.backprop.BackPropagationMiddleNode.#ctor(System.Double,System.Double)"
information QA1004: blank or 'noise' <param> tag ignored for member: "M:xpidea.neuro.net.backprop.BackPropagationMiddleNode.#ctor(System.Double,System.Double)"
information QA1004: blank or 'noise' <returns> tag ignored for member: "M:xpidea.neuro.net.backprop.BackPropagationNetwork.NodesInLayer(System.Int32)"
information QA1004: blank or 'noise' <returns> tag ignored for member: "M:xpidea.neuro.net.backprop.EpochBackPropagationNetwork.CreateLink"
information QA1004: blank or 'noise' <returns> tag ignored for member: "M:xpidea.neuro.net.backprop.EpochBackPropagationNetwork.GetNetworkType"
information QA1004: blank or 'noise' <summary> tag ignored for member: "M:xpidea.neuro.net.patterns.NeuroObjectCollection.Save(System.IO.BinaryWriter)"
information QA1004: blank or 'noise' <param> tag ignored for member: "M:xpidea.neuro.net.patterns.NeuroObjectCollection.Save(System.IO.BinaryWriter)"
information QA1004: blank or 'noise' <summary> tag ignored for member: "M:xpidea.neuro.net.patterns.NeuroObjectCollection.Load(System.IO.BinaryReader)"
information QA1004: blank or 'noise' <param> tag ignored for member: "M:xpidea.neuro.net.patterns.NeuroObjectCollection.Load(System.IO.BinaryReader)"
information QA1004: blank or 'noise' <param> tag ignored for member: "M:xpidea.neuro.net.patterns.NeuroObjectCollection.LoadFromFile(System.String)"
information QA1004: blank or 'noise' <returns> tag ignored for member: "M:xpidea.neuro.net.patterns.PatternsCollection.CreateContainigObject"
information QA1004: blank or 'noise' <summary> tag ignored for member: "T:xpidea.neuro.net.patterns.PatternsCollection.CustomPatternEnumerator"
information QA1004: blank or 'noise' <summary> tag ignored for member: "M:xpidea.neuro.net.patterns.PatternsCollection.CustomPatternEnumerator.#ctor(xpidea.neuro.net.patterns.PatternsCollection)"
information QA1004: blank or 'noise' <param> tag ignored for member: "M:xpidea.neuro.net.patterns.PatternsCollection.CustomPatternEnumerator.#ctor(xpidea.neuro.net.patterns.PatternsCollection)"
information QA1004: blank or 'noise' <summary> tag ignored for member: "M:xpidea.neuro.net.patterns.PatternsCollection.CustomPatternEnumerator.MoveNext"
information QA1004: blank or 'noise' <returns> tag ignored for member: "M:xpidea.neuro.net.patterns.PatternsCollection.CustomPatternEnumerator.MoveNext"
information QA1004: blank or 'noise' <summary> tag ignored for member: "M:xpidea.neuro.net.patterns.PatternsCollection.CustomPatternEnumerator.Reset"
information QA1004: blank or 'noise' <summary> tag ignored for member: "P:xpidea.neuro.net.patterns.PatternsCollection.CustomPatternEnumerator.Current"
information QA1004: blank or 'noise' <returns> tag ignored for member: "M:xpidea.neuro.net.son.SelfOrganizingNetwork.GetOutPutNodesCount"
information QA1004: blank or 'noise' <param> tag ignored for member: "M:xpidea.neuro.net.son.SelfOrganizingNetwork.Epoch(System.Int32)"
information QA1004: blank or 'noise' <returns> tag ignored for member: "M:xpidea.neuro.net.son.SelfOrganizingNetwork.GetNodeError"
information QA1004: blank or 'noise' <param> tag ignored for member: "M:xpidea.neuro.net.son.SelfOrganizingNetwork.Train(xpidea.neuro.net.patterns.PatternsCollection)"
information QA1004: blank or 'noise' <returns> tag ignored for member: "M:xpidea.neuro.net.bam.BidirectionalAssociativeMemoryNetwork.GetNetworkType"
information QA1004: blank or 'noise' <param> tag ignored for member: "M:xpidea.neuro.net.bam.BidirectionalAssociativeMemorySystem.SetValuesFromPattern(xpidea.neuro.net.patterns.Pattern)"
